<?xml version="1.0" encoding="UTF-8"?>
<!-- Generated by org.testng.reporters.JUnitReportReporter -->
<testsuite hostname="Bujuku" failures="0" tests="2" name="com.simplilearn.testng.Phase2_BusTicketBooking_Application.HomePageTest" time="26.948" errors="0" timestamp="2023-12-19T21:17:29 IST" skipped="0">
  <testcase classname="com.simplilearn.testng.Phase2_BusTicketBooking_Application.HomePageTest" name="chromeTest" time="13.152"/>
  <system-out/>
  <testcase classname="com.simplilearn.testng.Phase2_BusTicketBooking_Application.HomePageTest" name="fireFoxtest" time="13.796"/>
  <system-out/>
</testsuite> <!-- com.simplilearn.testng.Phase2_BusTicketBooking_Application.HomePageTest -->
